VRParkour/Library/Bee/Android/Prj/Mono2x/Gradle/launcher/build/intermediates/manifest_merge_blame_file/release/manifest-merger-blame-release-report.txt
1<?xml version="1.0" encoding="utf-8"?>
2<manifest xmlns:android="http://schemas.android.com/apk/res/android"
3    package="com.DefaultCompany.VRParkour"
4    android:installLocation="auto"
5    android:versionCode="1"
6    android:versionName="0.1" >
7
8    <uses-sdk
9        android:minSdkVersion="23"
9-->src\main\AndroidManifest.xml
10        android:targetSdkVersion="30" />
10-->src\main\AndroidManifest.xml
11
12    <supports-screens
12-->src\main\AndroidManifest.xml:3:3-163
13        android:anyDensity="true"
13-->src\main\AndroidManifest.xml:3:135-160
14        android:largeScreens="true"
14-->src\main\AndroidManifest.xml:3:78-105
15        android:normalScreens="true"
15-->src\main\AndroidManifest.xml:3:49-77
16        android:smallScreens="true"
16-->src\main\AndroidManifest.xml:3:21-48
17        android:xlargeScreens="true" />
17-->src\main\AndroidManifest.xml:3:106-134
18
19    <uses-feature android:glEsVersion="0x00030000" />
19-->[:unityLibrary] AndroidManifest.xml:13:5-54
19-->[:unityLibrary] AndroidManifest.xml:13:19-51
20
21    <uses-permission android:name="android.permission.INTERNET" />
21-->[:unityLibrary] AndroidManifest.xml:15:5-67
21-->[:unityLibrary] AndroidManifest.xml:15:22-64
22    <uses-permission android:name="android.permission.ACCESS_NETWORK_STATE" />
22-->[:unityLibrary] AndroidManifest.xml:16:5-79
22-->[:unityLibrary] AndroidManifest.xml:16:22-76
23    <uses-permission android:name="android.permission.RECORD_AUDIO" />
23-->[:unityLibrary] AndroidManifest.xml:17:5-71
23-->[:unityLibrary] AndroidManifest.xml:17:22-68
24    <uses-permission android:name="android.permission.MODIFY_AUDIO_SETTINGS" />
24-->[:unityLibrary] AndroidManifest.xml:18:5-80
24-->[:unityLibrary] AndroidManifest.xml:18:22-77
25
26    <uses-feature
26-->[:unityLibrary] AndroidManifest.xml:20:5-22:36
27        android:name="android.hardware.microphone"
27-->[:unityLibrary] AndroidManifest.xml:21:9-51
28        android:required="false" />
28-->[:unityLibrary] AndroidManifest.xml:22:9-33
29    <uses-feature
29-->[:unityLibrary] AndroidManifest.xml:23:5-25:36
30        android:name="android.hardware.touchscreen"
30-->[:unityLibrary] AndroidManifest.xml:24:9-52
31        android:required="false" />
31-->[:unityLibrary] AndroidManifest.xml:25:9-33
32    <uses-feature
32-->[:unityLibrary] AndroidManifest.xml:26:5-28:36
33        android:name="android.hardware.touchscreen.multitouch"
33-->[:unityLibrary] AndroidManifest.xml:27:9-63
34        android:required="false" />
34-->[:unityLibrary] AndroidManifest.xml:28:9-33
35    <uses-feature
35-->[:unityLibrary] AndroidManifest.xml:29:5-31:36
36        android:name="android.hardware.touchscreen.multitouch.distinct"
36-->[:unityLibrary] AndroidManifest.xml:30:9-72
37        android:required="false" />
37-->[:unityLibrary] AndroidManifest.xml:31:9-33
38    <uses-feature
38-->[:unityLibrary] AndroidManifest.xml:32:5-35:31
39        android:name="android.hardware.vr.headtracking"
39-->[:unityLibrary] AndroidManifest.xml:33:9-56
40        android:required="true"
40-->[:unityLibrary] AndroidManifest.xml:34:9-32
41        android:version="1" />
41-->[:unityLibrary] AndroidManifest.xml:35:9-28
42
43    <application
43-->src\main\AndroidManifest.xml:4:3-83
44        android:allowBackup="false"
44-->[:unityLibrary] AndroidManifest.xml:38:9-36
45        android:extractNativeLibs="true"
45-->[:unityLibrary] AndroidManifest.xml:39:9-41
46        android:icon="@mipmap/app_icon"
46-->src\main\AndroidManifest.xml:4:49-80
47        android:label="@string/app_name"
47-->src\main\AndroidManifest.xml:4:16-48
48        android:networkSecurityConfig="@xml/network_sec_config" >
48-->[:unityLibrary] AndroidManifest.xml:42:9-64
49        <activity
49-->[:unityLibrary] AndroidManifest.xml:43:9-67:20
50            android:name="com.unity3d.player.UnityPlayerActivity"
50-->[:unityLibrary] AndroidManifest.xml:44:13-66
51            android:configChanges="keyboard|keyboardHidden|navigation|orientation|screenLayout|screenSize|uiMode"
51-->[:unityLibrary] AndroidManifest.xml:45:13-114
52            android:hardwareAccelerated="false"
52-->[:unityLibrary] AndroidManifest.xml:46:13-48
53            android:launchMode="singleTask"
53-->[:unityLibrary] AndroidManifest.xml:47:13-44
54            android:resizeableActivity="false"
54-->[:unityLibrary] AndroidManifest.xml:48:13-47
55            android:screenOrientation="landscape"
55-->[:unityLibrary] AndroidManifest.xml:49:13-50
56            android:theme="@android:style/Theme.Black.NoTitleBar.Fullscreen" >
56-->[:unityLibrary] AndroidManifest.xml:50:13-77
57            <intent-filter>
57-->[:unityLibrary] AndroidManifest.xml:51:13-56:29
58                <action android:name="android.intent.action.MAIN" />
58-->[:unityLibrary] AndroidManifest.xml:52:17-69
58-->[:unityLibrary] AndroidManifest.xml:52:25-66
59
60                <category android:name="com.oculus.intent.category.VR" />
60-->[:unityLibrary] AndroidManifest.xml:54:17-74
60-->[:unityLibrary] AndroidManifest.xml:54:27-71
61                <category android:name="android.intent.category.INFO" />
61-->[:unityLibrary] AndroidManifest.xml:55:17-73
61-->[:unityLibrary] AndroidManifest.xml:55:27-70
62            </intent-filter>
63
64            <meta-data
64-->[:unityLibrary] AndroidManifest.xml:58:13-60:40
65                android:name="unityplayer.UnityActivity"
65-->[:unityLibrary] AndroidManifest.xml:59:17-57
66                android:value="true" />
66-->[:unityLibrary] AndroidManifest.xml:60:17-37
67            <meta-data
67-->[:unityLibrary] AndroidManifest.xml:61:13-63:40
68                android:name="android.notch_support"
68-->[:unityLibrary] AndroidManifest.xml:62:17-53
69                android:value="true" />
69-->[:unityLibrary] AndroidManifest.xml:63:17-37
70            <meta-data
70-->[:unityLibrary] AndroidManifest.xml:64:13-66:40
71                android:name="com.oculus.vr.focusaware"
71-->[:unityLibrary] AndroidManifest.xml:65:17-56
72                android:value="true" />
72-->[:unityLibrary] AndroidManifest.xml:66:17-37
73        </activity>
74
75        <meta-data
75-->[:unityLibrary] AndroidManifest.xml:69:9-71:33
76            android:name="unity.splash-mode"
76-->[:unityLibrary] AndroidManifest.xml:70:13-45
77            android:value="0" />
77-->[:unityLibrary] AndroidManifest.xml:71:13-30
78        <meta-data
78-->[:unityLibrary] AndroidManifest.xml:72:9-74:37
79            android:name="unity.splash-enable"
79-->[:unityLibrary] AndroidManifest.xml:73:13-47
80            android:value="False" />
80-->[:unityLibrary] AndroidManifest.xml:74:13-34
81        <meta-data
81-->[:unityLibrary] AndroidManifest.xml:75:9-77:36
82            android:name="unity.launch-fullscreen"
82-->[:unityLibrary] AndroidManifest.xml:76:13-51
83            android:value="True" />
83-->[:unityLibrary] AndroidManifest.xml:77:13-33
84        <meta-data
84-->[:unityLibrary] AndroidManifest.xml:78:9-80:37
85            android:name="unity.allow-resizable-window"
85-->[:unityLibrary] AndroidManifest.xml:79:13-56
86            android:value="False" />
86-->[:unityLibrary] AndroidManifest.xml:80:13-34
87        <meta-data
87-->[:unityLibrary] AndroidManifest.xml:81:9-83:50
88            android:name="notch.config"
88-->[:unityLibrary] AndroidManifest.xml:82:13-40
89            android:value="portrait|landscape" />
89-->[:unityLibrary] AndroidManifest.xml:83:13-47
90        <meta-data
90-->[:unityLibrary] AndroidManifest.xml:84:9-86:39
91            android:name="com.samsung.android.vr.application.mode"
91-->[:unityLibrary] AndroidManifest.xml:85:13-67
92            android:value="vr_only" />
92-->[:unityLibrary] AndroidManifest.xml:86:13-36
93        <meta-data
93-->[:unityLibrary] AndroidManifest.xml:87:9-89:37
94            android:name="com.unity.xr.oculus.LowOverheadMode"
94-->[:unityLibrary] AndroidManifest.xml:88:13-63
95            android:value="false" />
95-->[:unityLibrary] AndroidManifest.xml:89:13-34
96        <meta-data
96-->[:unityLibrary] AndroidManifest.xml:90:9-92:37
97            android:name="com.unity.xr.oculus.LateLatching"
97-->[:unityLibrary] AndroidManifest.xml:91:13-60
98            android:value="false" />
98-->[:unityLibrary] AndroidManifest.xml:92:13-34
99        <meta-data
99-->[:unityLibrary] AndroidManifest.xml:93:9-95:37
100            android:name="com.unity.xr.oculus.LateLatchingDebug"
100-->[:unityLibrary] AndroidManifest.xml:94:13-65
101            android:value="false" />
101-->[:unityLibrary] AndroidManifest.xml:95:13-34
102        <meta-data
102-->[:unityLibrary] AndroidManifest.xml:96:9-98:44
103            android:name="com.oculus.supportedDevices"
103-->[:unityLibrary] AndroidManifest.xml:97:13-55
104            android:value="quest|quest2" />
104-->[:unityLibrary] AndroidManifest.xml:98:13-41
105    </application>
106
107</manifest>